<?xml version="1.0" encoding="UTF-8"?>
<!-- Generated by org.testng.reporters.JUnitReportReporter -->
<testsuite hostname="Yog" failures="0" tests="4" name="org.tyss.sms001.MavenTestNgBuildReady01" time="0.013" errors="0" timestamp="2022-07-18T16:01:34 IST" skipped="0">
  <testcase classname="org.tyss.sms001.MavenTestNgBuildReady01" name="testAction2" time="0.002"/>
  <system-out/>
  <testcase classname="org.tyss.sms001.MavenTestNgBuildReady01" name="testAction1" time="0.009"/>
  <system-out/>
  <testcase classname="org.tyss.sms001.MavenTestNgBuildReady01" name="testAction3" time="0.001"/>
  <system-out/>
  <testcase classname="org.tyss.sms001.MavenTestNgBuildReady01" name="testAction4" time="0.001"/>
  <system-out/>
</testsuite> <!-- org.tyss.sms001.MavenTestNgBuildReady01 -->
