<?xml version="1.0" encoding="UTF-8"?>
<!-- Generated by org.testng.reporters.JUnitReportReporter -->
<testsuite hostname="Yog" failures="0" tests="3" name="org.vtiger.practices.TestNGDataProvider" time="0.009" errors="0" timestamp="2022-07-15T00:10:07 IST" skipped="0">
  <testcase classname="org.vtiger.practices.TestNGDataProvider" name="loginTest" time="0.001"/>
  <system-out/>
  <testcase classname="org.vtiger.practices.TestNGDataProvider" name="loginTest" time="0.006"/>
  <system-out/>
  <testcase classname="org.vtiger.practices.TestNGDataProvider" name="loginTest" time="0.002"/>
  <system-out/>
</testsuite> <!-- org.vtiger.practices.TestNGDataProvider -->
