<?xml version="1.0" encoding="UTF-8"?>
<!-- Generated by org.testng.reporters.JUnitReportReporter -->
<testsuite hostname="Yog" failures="0" tests="4" name="org.vtiger.practices.TestNgPractice01" time="0.010" errors="0" timestamp="2022-07-12T15:44:20 IST" skipped="0">
  <testcase classname="org.vtiger.practices.TestNgPractice01" name="firstAction" time="0.005"/>
  <system-out/>
  <testcase classname="org.vtiger.practices.TestNgPractice01" name="laststAction" time="0.002"/>
  <system-out/>
  <testcase classname="org.vtiger.practices.TestNgPractice01" name="RAction" time="0.001"/>
  <system-out/>
  <testcase classname="org.vtiger.practices.TestNgPractice01" name="RandomAction" time="0.002"/>
  <system-out/>
</testsuite> <!-- org.vtiger.practices.TestNgPractice01 -->
